#! /c/Source/iverilog-install/bin/vvp
:ivl_version "12.0 (devel)" "(s20150603-1539-g2693dd32b)";
:ivl_delay_selection "TYPICAL";
:vpi_time_precision + 0;
:vpi_module "C:\iverilog\lib\ivl\system.vpi";
:vpi_module "C:\iverilog\lib\ivl\vhdl_sys.vpi";
:vpi_module "C:\iverilog\lib\ivl\vhdl_textio.vpi";
:vpi_module "C:\iverilog\lib\ivl\v2005_math.vpi";
:vpi_module "C:\iverilog\lib\ivl\va_math.vpi";
S_000001ceb41f73d0 .scope module, "tb" "tb" 2 3;
 .timescale 0 0;
v000001ceb4206130_0 .var "clk", 0 0;
v000001ceb42061d0_0 .net "out", 3 0, v000001ceb41d35c0_0;  1 drivers
v000001ceb4206270_0 .var "rstn", 0 0;
S_000001ceb4205fa0 .scope module, "u0" "johnson_ctr" 2 9, 3 1 0, S_000001ceb41f73d0;
 .timescale 0 0;
    .port_info 0 /INPUT 1 "clk";
    .port_info 1 /INPUT 1 "rstn";
    .port_info 2 /OUTPUT 4 "out";
v000001ceb41d33a0_0 .net "clk", 0 0, v000001ceb4206130_0;  1 drivers
v000001ceb41d35c0_0 .var "out", 3 0;
v000001ceb41d3120_0 .net "rstn", 0 0, v000001ceb4206270_0;  1 drivers
E_000001ceb42dbbb0 .event posedge, v000001ceb41d33a0_0;
    .scope S_000001ceb4205fa0;
T_0 ;
    %wait E_000001ceb42dbbb0;
    %load/vec4 v000001ceb41d3120_0;
    %nor/r;
    %flag_set/vec4 8;
    %jmp/0xz  T_0.0, 8;
    %pushi/vec4 1, 0, 4;
    %assign/vec4 v000001ceb41d35c0_0, 0;
    %jmp T_0.1;
T_0.0 ;
    %load/vec4 v000001ceb41d35c0_0;
    %parti/s 1, 0, 2;
    %inv;
    %ix/load 4, 3, 0;
    %ix/load 5, 0, 0;
    %flag_set/imm 4, 0;
    %assign/vec4/off/d v000001ceb41d35c0_0, 4, 5;
    %load/vec4 v000001ceb41d35c0_0;
    %parti/s 1, 1, 2;
    %ix/load 4, 0, 0;
    %ix/load 5, 0, 0;
    %flag_set/imm 4, 0;
    %assign/vec4/off/d v000001ceb41d35c0_0, 4, 5;
    %load/vec4 v000001ceb41d35c0_0;
    %parti/s 1, 2, 3;
    %ix/load 4, 1, 0;
    %ix/load 5, 0, 0;
    %flag_set/imm 4, 0;
    %assign/vec4/off/d v000001ceb41d35c0_0, 4, 5;
    %load/vec4 v000001ceb41d35c0_0;
    %parti/s 1, 3, 3;
    %ix/load 4, 2, 0;
    %ix/load 5, 0, 0;
    %flag_set/imm 4, 0;
    %assign/vec4/off/d v000001ceb41d35c0_0, 4, 5;
T_0.1 ;
    %jmp T_0;
    .thread T_0;
    .scope S_000001ceb41f73d0;
T_1 ;
    %delay 10, 0;
    %load/vec4 v000001ceb4206130_0;
    %inv;
    %store/vec4 v000001ceb4206130_0, 0, 1;
    %jmp T_1;
    .thread T_1;
    .scope S_000001ceb41f73d0;
T_2 ;
    %pushi/vec4 0, 0, 2;
    %split/vec4 1;
    %assign/vec4 v000001ceb4206270_0, 0;
    %assign/vec4 v000001ceb4206130_0, 0;
    %vpi_call 2 18 "$monitor", "T=%0t out=%b", $time, v000001ceb42061d0_0 {0 0 0};
    %pushi/vec4 2, 0, 32;
T_2.0 %dup/vec4;
    %pushi/vec4 0, 0, 32;
    %cmp/s;
    %jmp/1xz T_2.1, 5;
    %jmp/1 T_2.1, 4;
    %pushi/vec4 1, 0, 32;
    %sub;
    %wait E_000001ceb42dbbb0;
    %jmp T_2.0;
T_2.1 ;
    %pop/vec4 1;
    %pushi/vec4 1, 0, 1;
    %assign/vec4 v000001ceb4206270_0, 0;
    %pushi/vec4 15, 0, 32;
T_2.2 %dup/vec4;
    %pushi/vec4 0, 0, 32;
    %cmp/s;
    %jmp/1xz T_2.3, 5;
    %jmp/1 T_2.3, 4;
    %pushi/vec4 1, 0, 32;
    %sub;
    %wait E_000001ceb42dbbb0;
    %jmp T_2.2;
T_2.3 ;
    %pop/vec4 1;
    %vpi_call 2 22 "$finish" {0 0 0};
    %end;
    .thread T_2;
    .scope S_000001ceb41f73d0;
T_3 ;
    %vpi_call 2 26 "$dumpfile", "out.vcd" {0 0 0};
    %vpi_call 2 26 "$dumpvars" {0 0 0};
    %end;
    .thread T_3;
# The file index is used to find the file name in the following table.
:file_names 4;
    "N/A";
    "<interactive>";
    ".\testbench_jhon.v";
    "./jhonson.v";
